=== Run 1 voltage capture started ===
Start: 2026-04-14T13:52:04+06:00
13:52:04 motor=5.107V lidar=4.903V x=0.000 y=0.000 yaw=0.000
13:52:06 motor=5.123V lidar=4.896V x=0.000 y=0.000 yaw=0.000
13:52:08 motor=5.118V lidar=4.899V x=0.000 y=0.000 yaw=0.000
13:52:10 motor=5.124V lidar=4.901V x=0.000 y=0.000 yaw=0.000
13:52:12 motor=5.124V lidar=4.885V x=0.000 y=0.000 yaw=0.000
13:52:14 motor=5.115V lidar=4.889V x=0.000 y=0.000 yaw=0.000
13:52:16 motor=5.125V lidar=4.896V x=0.000 y=0.000 yaw=0.000
13:52:18 motor=5.117V lidar=4.890V x=0.000 y=0.000 yaw=0.000
13:52:20 motor=5.122V lidar=4.888V x=0.000 y=0.000 yaw=0.000
13:52:22 motor=5.125V lidar=4.897V x=0.000 y=0.000 yaw=0.000
13:52:24 motor=5.120V lidar=4.896V x=0.000 y=0.000 yaw=0.000
13:52:26 motor=5.115V lidar=4.899V x=0.000 y=0.000 yaw=0.000
13:52:28 motor=5.113V lidar=4.900V x=0.000 y=0.000 yaw=0.000
13:52:30 motor=5.125V lidar=4.889V x=0.000 y=0.000 yaw=0.000
13:52:32 motor=5.117V lidar=4.890V x=0.000 y=0.000 yaw=0.000
13:52:34 motor=5.125V lidar=4.896V x=0.000 y=0.000 yaw=0.000
13:52:36 motor=5.118V lidar=4.884V x=0.000 y=0.000 yaw=0.000
13:52:39 motor=5.121V lidar=4.886V x=0.000 y=0.000 yaw=0.000
13:52:41 motor=5.119V lidar=4.885V x=0.000 y=0.000 yaw=0.000
13:52:43 motor=5.115V lidar=4.892V x=0.000 y=0.000 yaw=0.000
13:52:45 motor=5.121V lidar=4.910V x=0.000 y=0.000 yaw=0.000
13:52:47 motor=5.122V lidar=4.889V x=0.000 y=0.000 yaw=0.000
13:52:49 motor=5.125V lidar=4.896V x=0.000 y=0.000 yaw=0.000
13:52:51 motor=5.118V lidar=4.896V x=0.000 y=0.000 yaw=0.000
13:52:53 motor=5.114V lidar=4.896V x=0.000 y=0.000 yaw=0.000
13:52:55 motor=5.119V lidar=4.895V x=0.000 y=0.000 yaw=0.000
13:52:57 motor=5.121V lidar=4.901V x=0.000 y=0.000 yaw=0.000
13:52:59 motor=5.121V lidar=4.890V x=0.000 y=0.000 yaw=0.000
13:53:01 motor=5.125V lidar=4.903V x=0.000 y=0.000 yaw=0.000
13:53:03 motor=5.129V lidar=4.890V x=0.000 y=0.000 yaw=0.000
13:53:05 motor=5.119V lidar=4.891V x=0.000 y=0.000 yaw=0.000
13:53:07 motor=5.123V lidar=4.900V x=0.000 y=0.000 yaw=0.000
13:53:09 motor=5.125V lidar=4.896V x=0.000 y=0.000 yaw=0.000
13:53:11 motor=5.117V lidar=4.906V x=0.000 y=0.000 yaw=0.000
13:53:14 motor=5.122V lidar=4.892V x=0.000 y=0.000 yaw=0.000
13:53:16 motor=5.127V lidar=4.889V x=0.000 y=0.000 yaw=0.000
13:53:18 motor=5.117V lidar=4.901V x=0.000 y=0.000 yaw=0.000
13:53:20 motor=5.123V lidar=4.896V x=0.000 y=0.000 yaw=0.000
13:53:22 motor=5.125V lidar=4.903V x=0.000 y=0.000 yaw=0.000
13:53:24 motor=5.119V lidar=4.892V x=0.000 y=0.000 yaw=0.000
13:53:26 motor=5.121V lidar=4.908V x=0.000 y=0.000 yaw=0.000
13:53:28 motor=5.113V lidar=4.902V x=-0.000 y=-0.000 yaw=0.000
13:53:30 motor=5.127V lidar=4.897V x=-0.000 y=-0.000 yaw=0.000
13:53:32 motor=5.121V lidar=4.899V x=-0.000 y=-0.000 yaw=0.000
13:53:34 motor=5.121V lidar=4.892V x=-0.000 y=-0.000 yaw=0.000
13:53:36 motor=5.122V lidar=4.890V x=-0.000 y=-0.000 yaw=0.000
13:53:38 motor=5.124V lidar=4.895V x=-0.000 y=-0.000 yaw=0.000
13:53:40 motor=5.117V lidar=4.892V x=-0.000 y=-0.000 yaw=0.000
13:53:42 motor=5.125V lidar=4.904V x=-0.000 y=-0.000 yaw=0.000
13:53:44 motor=5.118V lidar=4.892V x=-0.000 y=-0.000 yaw=0.000
13:53:47 motor=5.116V lidar=4.895V x=0.005 y=-0.000 yaw=-0.000
13:53:49 motor=5.119V lidar=4.899V x=0.024 y=-0.000 yaw=-0.001
13:53:51 motor=5.130V lidar=4.900V x=0.024 y=-0.000 yaw=-0.001
13:53:53 motor=5.114V lidar=4.890V x=0.036 y=-0.000 yaw=-0.002
13:53:55 motor=5.130V lidar=4.891V x=0.133 y=-0.000 yaw=-0.002
13:53:57 motor=5.107V lidar=4.895V x=0.233 y=-0.000 yaw=-0.001
13:53:59 motor=5.102V lidar=4.893V x=0.338 y=-0.000 yaw=0.001
13:54:01 motor=5.106V lidar=4.887V x=0.443 y=-0.000 yaw=0.001
13:54:03 motor=5.122V lidar=4.890V x=0.460 y=-0.000 yaw=-0.001
13:54:05 motor=5.127V lidar=4.892V x=0.460 y=-0.000 yaw=-0.001
13:54:07 motor=5.128V lidar=4.893V x=0.460 y=-0.000 yaw=-0.001
13:54:09 motor=5.123V lidar=4.901V x=0.460 y=-0.000 yaw=-0.001
13:54:11 motor=5.126V lidar=4.898V x=0.460 y=-0.000 yaw=-0.001
13:54:13 motor=5.109V lidar=4.892V x=0.459 y=-0.000 yaw=-0.347
13:54:15 motor=5.090V lidar=4.887V x=0.459 y=0.000 yaw=-1.062
13:54:17 motor=5.109V lidar=4.890V x=0.459 y=0.000 yaw=-1.761
13:54:19 motor=5.122V lidar=4.885V x=0.459 y=0.000 yaw=-1.889
13:54:22 motor=5.112V lidar=4.883V x=0.436 y=-0.072 yaw=-1.884
13:54:24 motor=5.106V lidar=4.900V x=0.405 y=-0.166 yaw=-1.887
13:54:26 motor=5.104V lidar=4.898V x=0.373 y=-0.265 yaw=-1.886
13:54:28 motor=5.122V lidar=4.899V x=0.373 y=-0.265 yaw=-1.886
13:54:30 motor=5.119V lidar=4.886V x=0.373 y=-0.265 yaw=-1.886
13:54:32 motor=5.124V lidar=4.893V x=0.373 y=-0.265 yaw=-1.886
13:54:34 motor=5.123V lidar=4.896V x=0.373 y=-0.265 yaw=-1.886
13:54:36 motor=5.117V lidar=4.897V x=0.373 y=-0.265 yaw=-2.140
13:54:38 motor=5.110V lidar=4.889V x=0.373 y=-0.264 yaw=-2.810
13:54:40 motor=5.134V lidar=4.891V x=0.373 y=-0.264 yaw=2.741
13:54:42 motor=5.129V lidar=4.903V x=0.373 y=-0.264 yaw=2.685
13:54:44 motor=5.124V lidar=4.889V x=0.373 y=-0.264 yaw=2.685
13:54:46 motor=5.124V lidar=4.892V x=0.373 y=-0.264 yaw=2.685
13:54:48 motor=5.115V lidar=4.906V x=0.365 y=-0.260 yaw=2.690
13:54:50 motor=5.105V lidar=4.878V x=0.279 y=-0.218 yaw=2.689
13:54:52 motor=5.071V lidar=4.893V x=0.189 y=-0.175 yaw=2.688
13:54:54 motor=5.096V lidar=4.882V x=0.095 y=-0.129 yaw=2.688
13:54:57 motor=5.106V lidar=4.897V x=0.000 y=-0.083 yaw=2.688
13:54:59 motor=5.109V lidar=4.879V x=-0.090 y=-0.039 yaw=2.689
13:55:01 motor=5.107V lidar=4.881V x=-0.184 y=0.007 yaw=2.688
13:55:03 motor=5.125V lidar=4.886V x=-0.200 y=0.015 yaw=2.687
13:55:05 motor=5.120V lidar=4.888V x=-0.200 y=0.015 yaw=2.687
13:55:07 motor=5.118V lidar=4.888V x=-0.200 y=0.015 yaw=2.687
13:55:09 motor=5.119V lidar=4.885V x=-0.200 y=0.015 yaw=2.687
13:55:11 motor=5.122V lidar=4.881V x=-0.200 y=0.015 yaw=2.599
13:55:13 motor=5.112V lidar=4.868V x=-0.200 y=0.015 yaw=1.967
13:55:15 motor=5.138V lidar=4.886V x=-0.200 y=0.015 yaw=1.236
13:55:17 motor=5.133V lidar=4.889V x=-0.200 y=0.015 yaw=0.935
13:55:19 motor=5.114V lidar=4.894V x=-0.200 y=0.015 yaw=0.935
13:55:21 motor=5.123V lidar=4.874V x=-0.200 y=0.015 yaw=0.935
13:55:23 motor=5.121V lidar=4.886V x=-0.200 y=0.015 yaw=0.935
13:55:25 motor=5.118V lidar=4.895V x=-0.200 y=0.015 yaw=0.935
13:55:27 motor=5.100V lidar=4.886V x=-0.166 y=0.061 yaw=0.941
13:55:29 motor=5.099V lidar=4.876V x=-0.105 y=0.144 yaw=0.936
13:55:32 motor=5.101V lidar=4.876V x=-0.043 y=0.229 yaw=0.938
13:55:34 motor=5.107V lidar=4.884V x=0.016 y=0.309 yaw=0.937
13:55:36 motor=5.124V lidar=4.880V x=0.017 y=0.310 yaw=0.936
13:55:38 motor=5.122V lidar=4.884V x=0.017 y=0.310 yaw=0.936
13:55:40 motor=5.119V lidar=4.881V x=0.017 y=0.310 yaw=0.936
13:55:42 motor=5.117V lidar=4.887V x=0.017 y=0.310 yaw=0.936
13:55:44 motor=5.128V lidar=4.891V x=0.017 y=0.310 yaw=0.936
13:55:46 motor=5.123V lidar=4.883V x=0.016 y=0.310 yaw=0.419
13:55:48 motor=5.121V lidar=4.877V x=0.016 y=0.310 yaw=-0.270
13:55:50 motor=5.114V lidar=4.890V x=0.016 y=0.310 yaw=-0.956
13:55:52 motor=5.127V lidar=4.886V x=0.016 y=0.310 yaw=-0.957
13:55:54 motor=5.120V lidar=4.882V x=0.016 y=0.310 yaw=-0.957
13:55:56 motor=5.121V lidar=4.887V x=0.016 y=0.310 yaw=-0.957
13:55:58 motor=5.116V lidar=4.890V x=0.016 y=0.310 yaw=-0.957
13:56:00 motor=5.119V lidar=4.890V x=0.016 y=0.310 yaw=-0.957
13:56:02 motor=5.125V lidar=4.888V x=0.016 y=0.310 yaw=-0.957
13:56:04 motor=5.118V lidar=4.882V x=0.016 y=0.310 yaw=-0.957
13:56:07 motor=5.118V lidar=4.884V x=0.016 y=0.310 yaw=-0.957
13:56:09 motor=5.118V lidar=4.888V x=0.016 y=0.310 yaw=-0.957
13:56:11 motor=5.129V lidar=4.883V x=0.016 y=0.310 yaw=-0.957
13:56:13 motor=5.125V lidar=4.889V x=0.016 y=0.310 yaw=-0.957
13:56:15 motor=5.125V lidar=4.883V x=0.016 y=0.310 yaw=-0.957
13:56:17 motor=5.118V lidar=4.888V x=0.016 y=0.310 yaw=-0.957
13:56:19 motor=5.131V lidar=4.885V x=0.016 y=0.310 yaw=-0.957
13:56:21 motor=5.127V lidar=4.885V x=0.016 y=0.310 yaw=-0.957
13:56:23 motor=5.123V lidar=4.894V x=0.016 y=0.310 yaw=-0.957
13:56:25 motor=5.118V lidar=4.882V x=0.016 y=0.310 yaw=-0.957
13:56:27 motor=5.122V lidar=4.891V x=0.016 y=0.310 yaw=-0.957
13:56:29 motor=5.124V lidar=4.893V x=0.016 y=0.310 yaw=-0.957
13:56:31 motor=5.118V lidar=4.880V x=0.016 y=0.310 yaw=-0.957
13:56:33 motor=5.124V lidar=4.887V x=0.016 y=0.310 yaw=-0.957
13:56:35 motor=5.121V lidar=4.885V x=0.016 y=0.310 yaw=-0.957
13:56:37 motor=5.124V lidar=4.886V x=0.016 y=0.310 yaw=-0.957
13:56:40 motor=5.115V lidar=4.886V x=0.016 y=0.310 yaw=-0.957
13:56:42 motor=5.117V lidar=4.889V x=0.016 y=0.310 yaw=-0.957
13:56:44 motor=5.127V lidar=4.885V x=0.016 y=0.310 yaw=-0.957
13:56:46 motor=5.115V lidar=4.889V x=0.016 y=0.310 yaw=-0.957
13:56:48 motor=5.117V lidar=4.890V x=0.016 y=0.310 yaw=-0.957
13:56:50 motor=5.123V lidar=4.894V x=0.016 y=0.310 yaw=-0.957
13:56:52 motor=5.117V lidar=4.884V x=0.016 y=0.310 yaw=-0.957
13:56:54 motor=5.122V lidar=4.895V x=0.016 y=0.310 yaw=-0.957
13:56:56 motor=5.124V lidar=4.882V x=0.016 y=0.310 yaw=-0.957
13:56:58 motor=5.129V lidar=4.894V x=0.016 y=0.310 yaw=-0.957
13:57:00 motor=5.116V lidar=4.886V x=0.016 y=0.310 yaw=-0.957
13:57:02 motor=5.129V lidar=4.892V x=0.016 y=0.310 yaw=-0.957
13:57:04 motor=5.125V lidar=4.889V x=0.016 y=0.310 yaw=-0.957
13:57:06 motor=5.128V lidar=4.889V x=0.016 y=0.310 yaw=-0.957
13:57:08 motor=5.129V lidar=4.892V x=0.016 y=0.310 yaw=-0.957
