=== Run 2 voltage capture started ===
Start: 2026-04-14T13:58:07+06:00
13:58:07 motor=5.113V lidar=4.876V x=0.016 y=0.310 yaw=-0.957
13:58:09 motor=5.116V lidar=4.890V x=0.016 y=0.310 yaw=-0.957
13:58:11 motor=5.116V lidar=4.885V x=0.016 y=0.310 yaw=-0.957
13:58:13 motor=5.126V lidar=4.884V x=0.016 y=0.310 yaw=-0.957
13:58:15 motor=5.117V lidar=4.887V x=0.016 y=0.310 yaw=-0.957
13:58:17 motor=5.117V lidar=4.900V x=0.016 y=0.310 yaw=-0.957
13:58:19 motor=5.117V lidar=4.881V x=0.016 y=0.310 yaw=-0.957
13:58:21 motor=5.116V lidar=4.884V x=0.016 y=0.310 yaw=-0.957
13:58:23 motor=5.119V lidar=4.905V x=0.016 y=0.310 yaw=-0.957
13:58:25 motor=5.121V lidar=4.889V x=0.016 y=0.310 yaw=-0.957
13:58:27 motor=5.122V lidar=4.885V x=0.016 y=0.310 yaw=-0.957
13:58:29 motor=5.119V lidar=4.888V x=0.016 y=0.310 yaw=-0.957
13:58:31 motor=5.117V lidar=4.892V x=0.016 y=0.310 yaw=-0.957
13:58:33 motor=5.122V lidar=4.894V x=0.016 y=0.310 yaw=-0.957
13:58:35 motor=5.122V lidar=4.883V x=0.016 y=0.310 yaw=-0.957
13:58:37 motor=5.116V lidar=4.883V x=0.016 y=0.310 yaw=-0.957
13:58:40 motor=5.121V lidar=4.884V x=0.016 y=0.310 yaw=-0.957
13:58:42 motor=5.119V lidar=4.891V x=0.016 y=0.310 yaw=-0.957
13:58:44 motor=5.120V lidar=4.878V x=0.016 y=0.310 yaw=-0.957
13:58:46 motor=5.117V lidar=4.886V x=0.016 y=0.310 yaw=-0.957
13:58:48 motor=5.109V lidar=4.889V x=0.055 y=0.255 yaw=-0.955
13:58:50 motor=5.100V lidar=4.883V x=0.112 y=0.174 yaw=-0.955
13:58:52 motor=5.100V lidar=4.891V x=0.173 y=0.088 yaw=-0.955
13:58:54 motor=5.132V lidar=4.889V x=0.234 y=0.003 yaw=-0.956
13:58:56 motor=5.099V lidar=4.887V x=0.284 y=-0.069 yaw=-0.956
13:58:58 motor=5.117V lidar=4.889V x=0.284 y=-0.069 yaw=-0.956
13:59:00 motor=5.121V lidar=4.901V x=0.284 y=-0.069 yaw=-0.956
13:59:02 motor=5.112V lidar=4.881V x=0.284 y=-0.068 yaw=-1.283
13:59:04 motor=5.075V lidar=4.877V x=0.284 y=-0.068 yaw=-1.994
13:59:06 motor=5.102V lidar=4.899V x=0.284 y=-0.068 yaw=-2.692
13:59:08 motor=5.109V lidar=4.883V x=0.284 y=-0.068 yaw=-2.777
13:59:10 motor=5.115V lidar=4.889V x=0.284 y=-0.068 yaw=-2.777
13:59:13 motor=5.103V lidar=4.885V x=0.239 y=-0.086 yaw=-2.774
13:59:15 motor=5.091V lidar=4.878V x=0.143 y=-0.123 yaw=-2.775
13:59:17 motor=5.116V lidar=4.885V x=0.050 y=-0.158 yaw=-2.776
13:59:19 motor=5.109V lidar=4.865V x=-0.049 y=-0.196 yaw=-2.775
13:59:21 motor=5.099V lidar=4.874V x=-0.128 y=-0.226 yaw=-2.776
13:59:23 motor=5.119V lidar=4.890V x=-0.128 y=-0.226 yaw=-2.776
13:59:25 motor=5.117V lidar=4.891V x=-0.128 y=-0.226 yaw=-2.776
13:59:27 motor=5.117V lidar=4.883V x=-0.127 y=-0.226 yaw=-3.073
13:59:29 motor=5.103V lidar=4.871V x=-0.127 y=-0.226 yaw=2.535
13:59:31 motor=5.105V lidar=4.880V x=-0.127 y=-0.226 yaw=1.826
13:59:33 motor=5.106V lidar=4.884V x=-0.127 y=-0.226 yaw=1.681
13:59:35 motor=5.114V lidar=4.885V x=-0.127 y=-0.226 yaw=1.681
13:59:37 motor=5.116V lidar=4.887V x=-0.127 y=-0.226 yaw=1.681
13:59:39 motor=5.109V lidar=4.890V x=-0.127 y=-0.226 yaw=1.751
13:59:41 motor=5.103V lidar=4.882V x=-0.144 y=-0.135 yaw=1.755
13:59:43 motor=5.129V lidar=4.883V x=-0.162 y=-0.038 yaw=1.754
13:59:46 motor=5.094V lidar=4.880V x=-0.182 y=0.065 yaw=1.755
13:59:48 motor=5.101V lidar=4.881V x=-0.201 y=0.168 yaw=1.754
13:59:50 motor=5.112V lidar=4.882V x=-0.215 y=0.247 yaw=1.754
13:59:52 motor=5.113V lidar=4.881V x=-0.215 y=0.247 yaw=1.754
13:59:54 motor=5.120V lidar=4.865V x=-0.215 y=0.247 yaw=1.657
13:59:56 motor=5.111V lidar=4.879V x=-0.215 y=0.247 yaw=0.987
13:59:58 motor=5.111V lidar=4.872V x=-0.215 y=0.247 yaw=0.257
14:00:00 motor=5.112V lidar=4.872V x=-0.215 y=0.247 yaw=-0.077
14:00:02 motor=5.121V lidar=4.880V x=-0.215 y=0.247 yaw=-0.179
14:00:04 motor=5.118V lidar=4.883V x=-0.215 y=0.247 yaw=-0.179
14:00:06 motor=5.122V lidar=4.880V x=-0.215 y=0.247 yaw=-0.179
14:00:08 motor=5.106V lidar=4.874V x=-0.157 y=0.237 yaw=-0.174
14:00:10 motor=5.098V lidar=4.868V x=-0.061 y=0.220 yaw=-0.174
14:00:12 motor=5.102V lidar=4.858V x=0.043 y=0.201 yaw=-0.178
14:00:14 motor=5.116V lidar=4.864V x=0.141 y=0.184 yaw=-0.177
14:00:16 motor=5.080V lidar=4.870V x=0.242 y=0.165 yaw=-0.179
14:00:18 motor=5.124V lidar=4.878V x=0.242 y=0.165 yaw=-0.179
14:00:21 motor=5.111V lidar=4.890V x=0.242 y=0.165 yaw=-0.179
14:00:23 motor=5.104V lidar=4.876V x=0.241 y=0.165 yaw=-0.418
14:00:25 motor=5.094V lidar=4.868V x=0.241 y=0.166 yaw=-1.087
14:00:27 motor=5.105V lidar=4.879V x=0.241 y=0.166 yaw=-1.819
14:00:29 motor=5.119V lidar=4.883V x=0.241 y=0.166 yaw=-1.963
14:00:31 motor=5.123V lidar=4.882V x=0.241 y=0.166 yaw=-1.992
14:00:33 motor=5.122V lidar=4.882V x=0.241 y=0.166 yaw=-1.992
14:00:35 motor=5.115V lidar=4.879V x=0.241 y=0.166 yaw=-1.992
14:00:37 motor=5.117V lidar=4.876V x=0.241 y=0.166 yaw=-1.992
14:00:39 motor=5.119V lidar=4.876V x=0.241 y=0.166 yaw=-1.992
14:00:41 motor=5.118V lidar=4.885V x=0.241 y=0.166 yaw=-1.992
14:00:43 motor=5.121V lidar=4.879V x=0.241 y=0.166 yaw=-1.992
14:00:45 motor=5.117V lidar=4.869V x=0.241 y=0.166 yaw=-1.992
14:00:47 motor=5.122V lidar=4.871V x=0.241 y=0.166 yaw=-1.992
14:00:49 motor=5.116V lidar=4.874V x=0.241 y=0.166 yaw=-1.992
14:00:51 motor=5.113V lidar=4.883V x=0.241 y=0.166 yaw=-1.992
14:00:53 motor=5.111V lidar=4.876V x=0.241 y=0.166 yaw=-1.992
14:00:56 motor=5.116V lidar=4.879V x=0.241 y=0.166 yaw=-1.992
14:00:58 motor=5.114V lidar=4.882V x=0.241 y=0.166 yaw=-1.992
14:01:00 motor=5.116V lidar=4.879V x=0.241 y=0.166 yaw=-1.992
14:01:02 motor=5.113V lidar=4.868V x=0.241 y=0.166 yaw=-1.992
14:01:04 motor=5.121V lidar=4.871V x=0.241 y=0.166 yaw=-1.992
14:01:06 motor=5.127V lidar=4.869V x=0.241 y=0.166 yaw=-1.992
14:01:08 motor=5.120V lidar=4.879V x=0.241 y=0.166 yaw=-1.992
14:01:10 motor=5.126V lidar=4.864V x=0.241 y=0.166 yaw=-1.992
14:01:12 motor=5.124V lidar=4.881V x=0.241 y=0.166 yaw=-1.992
14:01:14 motor=5.113V lidar=4.871V x=0.241 y=0.166 yaw=-1.992
14:01:16 motor=5.124V lidar=4.871V x=0.241 y=0.166 yaw=-1.992
14:01:18 motor=5.120V lidar=4.882V x=0.241 y=0.166 yaw=-1.992
14:01:20 motor=5.124V lidar=4.876V x=0.241 y=0.166 yaw=-1.992
14:01:22 motor=5.115V lidar=4.874V x=0.241 y=0.166 yaw=-1.992
14:01:24 motor=5.123V lidar=4.878V x=0.241 y=0.166 yaw=-1.992
14:01:26 motor=5.118V lidar=4.868V x=0.241 y=0.166 yaw=-1.992
14:01:29 motor=5.121V lidar=4.865V x=0.241 y=0.166 yaw=-1.992
