=== Run 3 voltage capture started ===
Start: 2026-04-14T14:01:53+06:00
14:01:53 motor=5.120V lidar=4.871V x=0.241 y=0.166 yaw=-1.992
14:01:55 motor=5.119V lidar=4.878V x=0.241 y=0.166 yaw=-1.992
14:01:57 motor=5.129V lidar=4.874V x=0.241 y=0.166 yaw=-1.992
14:01:59 motor=5.122V lidar=4.870V x=0.241 y=0.166 yaw=-1.992
14:02:01 motor=5.121V lidar=4.868V x=0.241 y=0.166 yaw=-1.992
14:02:03 motor=5.125V lidar=4.873V x=0.241 y=0.166 yaw=-1.992
14:02:05 motor=5.116V lidar=4.876V x=0.241 y=0.166 yaw=-1.992
14:02:07 motor=5.123V lidar=4.867V x=0.241 y=0.166 yaw=-1.992
14:02:09 motor=5.117V lidar=4.864V x=0.241 y=0.166 yaw=-1.992
14:02:11 motor=5.122V lidar=4.883V x=0.241 y=0.166 yaw=-1.992
14:02:14 motor=5.114V lidar=4.881V x=0.241 y=0.166 yaw=-1.992
14:02:16 motor=5.127V lidar=4.874V x=0.241 y=0.166 yaw=-1.992
14:02:18 motor=5.123V lidar=4.865V x=0.241 y=0.166 yaw=-1.992
14:02:20 motor=5.100V lidar=4.870V x=0.238 y=0.159 yaw=-1.988
14:02:22 motor=5.096V lidar=4.860V x=0.202 y=0.076 yaw=-1.989
14:02:24 motor=5.098V lidar=4.874V x=0.159 y=-0.019 yaw=-1.989
14:02:26 motor=5.100V lidar=4.876V x=0.116 y=-0.115 yaw=-1.991
14:02:28 motor=5.097V lidar=4.857V x=0.076 y=-0.206 yaw=-1.991
14:02:30 motor=5.102V lidar=4.867V x=0.047 y=-0.272 yaw=-1.990
14:02:32 motor=5.123V lidar=4.876V x=0.047 y=-0.272 yaw=-1.990
14:02:34 motor=5.108V lidar=4.877V x=0.047 y=-0.271 yaw=-2.231
14:02:36 motor=5.100V lidar=4.869V x=0.047 y=-0.271 yaw=-2.935
14:02:38 motor=5.098V lidar=4.843V x=0.047 y=-0.271 yaw=2.654
14:02:40 motor=5.113V lidar=4.875V x=0.047 y=-0.271 yaw=2.489
14:02:42 motor=5.120V lidar=4.866V x=0.047 y=-0.271 yaw=2.489
14:02:44 motor=5.104V lidar=4.870V x=0.038 y=-0.264 yaw=2.494
14:02:46 motor=5.100V lidar=4.882V x=-0.040 y=-0.206 yaw=2.492
14:02:49 motor=5.096V lidar=4.859V x=-0.119 y=-0.146 yaw=2.491
14:02:51 motor=5.085V lidar=4.870V x=-0.202 y=-0.082 yaw=2.491
14:02:53 motor=5.097V lidar=4.864V x=-0.282 y=-0.021 yaw=2.491
14:02:55 motor=5.116V lidar=4.864V x=-0.299 y=-0.009 yaw=2.489
14:02:57 motor=5.117V lidar=4.870V x=-0.299 y=-0.009 yaw=2.489
14:02:59 motor=5.123V lidar=4.859V x=-0.299 y=-0.009 yaw=2.489
14:03:01 motor=5.121V lidar=4.867V x=-0.298 y=-0.009 yaw=2.120
14:03:03 motor=5.106V lidar=4.870V x=-0.298 y=-0.009 yaw=1.436
14:03:05 motor=5.092V lidar=4.850V x=-0.298 y=-0.009 yaw=0.703
14:03:07 motor=5.123V lidar=4.865V x=-0.298 y=-0.009 yaw=0.699
14:03:09 motor=5.119V lidar=4.866V x=-0.298 y=-0.009 yaw=0.699
14:03:11 motor=5.111V lidar=4.858V x=-0.280 y=0.006 yaw=0.704
14:03:13 motor=5.111V lidar=4.847V x=-0.208 y=0.068 yaw=0.702
14:03:15 motor=5.100V lidar=4.851V x=-0.128 y=0.135 yaw=0.702
14:03:17 motor=5.106V lidar=4.852V x=-0.048 y=0.203 yaw=0.702
14:03:19 motor=5.103V lidar=4.858V x=0.028 y=0.268 yaw=0.703
14:03:21 motor=5.107V lidar=4.849V x=0.058 y=0.292 yaw=0.702
14:03:24 motor=5.112V lidar=4.856V x=0.058 y=0.293 yaw=0.703
14:03:26 motor=5.118V lidar=4.841V x=0.058 y=0.293 yaw=0.399
14:03:28 motor=5.112V lidar=4.854V x=0.058 y=0.293 yaw=-0.313
14:03:30 motor=5.109V lidar=4.845V x=0.058 y=0.293 yaw=-1.012
14:03:32 motor=5.116V lidar=4.850V x=0.058 y=0.292 yaw=-1.097
14:03:34 motor=5.123V lidar=4.852V x=0.058 y=0.292 yaw=-1.096
14:03:36 motor=5.116V lidar=4.855V x=0.058 y=0.292 yaw=-1.096
14:03:38 motor=5.126V lidar=4.849V x=0.065 y=0.279 yaw=-1.095
14:03:40 motor=5.106V lidar=4.825V x=0.108 y=0.196 yaw=-1.090
14:03:42 motor=5.098V lidar=4.829V x=0.156 y=0.103 yaw=-1.094
14:03:44 motor=5.110V lidar=4.835V x=0.202 y=0.015 yaw=-1.090
14:03:46 motor=5.098V lidar=4.830V x=0.251 y=-0.078 yaw=-1.092
14:03:48 motor=5.116V lidar=4.836V x=0.268 y=-0.112 yaw=-1.093
14:03:50 motor=5.124V lidar=4.829V x=0.268 y=-0.112 yaw=-1.093
14:03:52 motor=5.120V lidar=4.817V x=0.268 y=-0.112 yaw=-1.093
14:03:54 motor=5.108V lidar=4.796V x=0.268 y=-0.112 yaw=-1.560
14:03:57 motor=5.107V lidar=4.776V x=0.268 y=-0.112 yaw=-2.285
14:03:59 motor=5.104V lidar=4.719V x=0.268 y=-0.112 yaw=-2.960
14:04:01 motor=5.115V lidar=4.613V x=0.268 y=-0.112 yaw=-2.991
14:04:03 motor=5.122V lidar=4.553V x=0.268 y=-0.112 yaw=-2.968
14:04:05 motor=5.113V lidar=4.526V x=0.268 y=-0.112 yaw=-2.968
14:04:07 motor=5.115V lidar=4.552V x=0.268 y=-0.112 yaw=-2.968
14:04:09 motor=5.125V lidar=4.558V x=0.268 y=-0.112 yaw=-2.968
14:04:11 motor=5.120V lidar=4.517V x=0.268 y=-0.112 yaw=-2.968
14:04:13 motor=5.124V lidar=4.520V x=0.268 y=-0.112 yaw=-2.968
14:04:15 motor=5.118V lidar=4.535V x=0.268 y=-0.112 yaw=-2.968
14:04:17 motor=5.127V lidar=4.508V x=0.268 y=-0.112 yaw=-2.968
14:04:19 motor=5.118V lidar=4.542V x=0.268 y=-0.112 yaw=-2.968
14:04:21 motor=5.122V lidar=4.574V x=0.268 y=-0.112 yaw=-2.968
14:04:23 motor=5.122V lidar=4.564V x=0.268 y=-0.112 yaw=-2.968
14:04:25 motor=5.115V lidar=4.520V x=0.268 y=-0.112 yaw=-2.968
14:04:27 motor=5.121V lidar=4.563V x=0.268 y=-0.112 yaw=-2.968
14:04:29 motor=5.118V lidar=4.533V x=0.268 y=-0.112 yaw=-2.968
14:04:32 motor=5.120V lidar=4.596V x=0.268 y=-0.112 yaw=-2.968
14:04:34 motor=5.127V lidar=4.533V x=0.268 y=-0.112 yaw=-2.968
14:04:36 motor=5.116V lidar=4.511V x=0.268 y=-0.112 yaw=-2.968
14:04:38 motor=5.117V lidar=4.521V x=0.268 y=-0.112 yaw=-2.968
14:04:40 motor=5.122V lidar=4.506V x=0.268 y=-0.112 yaw=-2.968
14:04:42 motor=5.112V lidar=4.592V x=0.268 y=-0.112 yaw=-2.968
14:04:44 motor=5.122V lidar=4.554V x=0.268 y=-0.112 yaw=-2.968
14:04:46 motor=5.127V lidar=4.589V x=0.268 y=-0.112 yaw=-2.968
14:04:48 motor=5.124V lidar=4.560V x=0.268 y=-0.112 yaw=-2.968
14:04:50 motor=5.123V lidar=4.514V x=0.268 y=-0.112 yaw=-2.968
14:04:52 motor=5.122V lidar=4.591V x=0.268 y=-0.112 yaw=-2.968
14:04:54 motor=5.124V lidar=4.613V x=0.268 y=-0.112 yaw=-2.968
